2025-07-25 12:04:04,163 - __main__ - INFO - Daily mode. Expected CSV: Daily Report/Javdb_TodayTitle_20250725.csv
2025-07-25 12:04:04,163 - __main__ - INFO - ============================================================
2025-07-25 12:04:04,163 - __main__ - INFO - STARTING JAVDB PIPELINE
2025-07-25 12:04:04,163 - __main__ - INFO - MODE: Daily
2025-07-25 12:04:04,163 - __main__ - INFO - ============================================================
2025-07-25 12:04:04,163 - __main__ - INFO - Step 1: Running JavDB Spider...
2025-07-25 12:04:04,163 - __main__ - INFO - Running: python3 Javdb_Spider.py
2025-07-25 12:10:01,253 - __main__ - INFO - ✓ JavDB Spider completed successfully
2025-07-25 12:10:01,253 - __main__ - INFO - Step 2: Running qBittorrent Uploader...
2025-07-25 12:10:01,253 - __main__ - INFO - Running: python3 qbtorrent_uploader.py --mode daily
2025-07-25 12:10:29,612 - __main__ - INFO - ✓ qBittorrent Uploader completed successfully
2025-07-25 12:10:29,612 - __main__ - INFO - ============================================================
2025-07-25 12:10:29,612 - __main__ - INFO - PIPELINE COMPLETED SUCCESSFULLY
2025-07-25 12:10:29,612 - __main__ - INFO - ============================================================
2025-07-25 12:10:29,614 - __main__ - INFO - Connecting to SMTP server...
2025-07-25 12:10:33,454 - __main__ - INFO - Email sent successfully.
2025-07-25 12:10:33,454 - __main__ - INFO - Final commit for pipeline log...
2025-07-25 12:10:33,454 - __main__ - INFO - Step pipeline_log: Committing and pushing files to GitHub...
2025-07-25 12:10:33,470 - __main__ - INFO - Pulling latest changes from remote repository...
2025-07-25 12:10:34,136 - __main__ - INFO - ✓ Successfully pulled latest changes from remote
2025-07-25 12:10:34,136 - __main__ - INFO - Adding files to git...
2025-07-25 12:10:34,149 - __main__ - INFO - Commit changes for pipeline_log
