2025-12-03 19:00:01,720 - __main__ - INFO - Daily mode. Expected CSV: Daily Report/Javdb_TodayTitle_20251203.csv
2025-12-03 19:00:01,720 - __main__ - INFO - ============================================================
2025-12-03 19:00:01,721 - __main__ - INFO - STARTING JAVDB PIPELINE
2025-12-03 19:00:01,721 - __main__ - INFO - MODE: Daily
2025-12-03 19:00:01,721 - __main__ - INFO - ============================================================
2025-12-03 19:00:01,721 - __main__ - INFO - Step 1: Running JavDB Spider...
2025-12-03 19:00:01,721 - __main__ - INFO - Running: python3 Javdb_Spider.py --use-proxy --use-cf-bypass
2025-12-03 19:00:23,551 - __main__ - INFO - ✓ JavDB Spider completed successfully
2025-12-03 19:00:23,551 - __main__ - INFO - Step 2: Running qBittorrent Uploader...
2025-12-03 19:00:23,551 - __main__ - INFO - Running: python3 qbtorrent_uploader.py --mode daily --use-proxy
2025-12-03 19:00:23,627 - __main__ - INFO - ✓ qBittorrent Uploader completed successfully
2025-12-03 19:00:23,627 - __main__ - INFO - Step 3: Running PikPak Bridge to clean up old torrents...
2025-12-03 19:00:23,627 - __main__ - INFO - Running PikPak Bridge with 3 days threshold, dry_run=False, using batch mode
2025-12-03 19:00:23,627 - pikpak_bridge - INFO - Processing torrents older than 3 days (before 2025-11-30)
2025-12-03 19:00:23,627 - pikpak_bridge - INFO - Initializing proxy pool with 3 proxies...
2025-12-03 19:00:23,627 - utils.proxy_ban_manager - INFO - No existing ban log found at logs/proxy_bans.csv
2025-12-03 19:00:23,627 - utils.proxy_pool - INFO - Added proxy 'Miraculous Fortress' to pool (HTTP: http://***:***@139.xxx.xxx.231:12300, HTTPS: http://***:***@139.xxx.xxx.231:12300)
2025-12-03 19:00:23,627 - utils.proxy_pool - INFO - Added proxy 'Singapore-ARM1' to pool (HTTP: http://***:***@140.xxx.xxx.124:12300, HTTPS: http://***:***@138.xxx.xxx.170:12300)
2025-12-03 19:00:23,627 - utils.proxy_pool - INFO - Added proxy 'Singapore-ARM2' to pool (HTTP: http://***:***@140.xxx.xxx.124:12300, HTTPS: http://***:***@140.xxx.xxx.124:12300)
2025-12-03 19:00:23,627 - pikpak_bridge - INFO - Proxy pool initialized successfully
2025-12-03 19:00:23,627 - pikpak_bridge - INFO - PROXY POOL MODE for PikPak bridge: 3 proxies with automatic failover
2025-12-03 19:00:23,798 - pikpak_bridge - INFO - Logged into qBittorrent successfully.
2025-12-03 19:00:23,801 - pikpak_bridge - INFO - Found 0 torrents across categories ['Daily Ingestion', 'Ad Hoc']
2025-12-03 19:00:23,801 - pikpak_bridge - INFO - Filtered 0 torrents older than 3 days
2025-12-03 19:00:23,801 - pikpak_bridge - INFO - No torrents to process.
2025-12-03 19:00:23,801 - __main__ - INFO - PikPak Bridge completed successfully
2025-12-03 19:00:23,801 - __main__ - INFO - ✓ PikPak Bridge completed successfully
2025-12-03 19:00:23,801 - __main__ - INFO - ============================================================
2025-12-03 19:00:23,801 - __main__ - INFO - PIPELINE COMPLETED
2025-12-03 19:00:23,801 - __main__ - INFO - ============================================================
2025-12-03 19:00:23,802 - __main__ - INFO - Analyzing logs for critical errors...
2025-12-03 19:00:23,802 - __main__ - INFO - ============================================================
2025-12-03 19:00:23,802 - __main__ - INFO - PIPELINE COMPLETED SUCCESSFULLY - NO CRITICAL ERRORS
2025-12-03 19:00:23,802 - __main__ - INFO - ============================================================
2025-12-03 19:00:23,803 - __main__ - WARNING - Attachment not found: Daily Report/Javdb_TodayTitle_20251203.csv
2025-12-03 19:00:23,803 - __main__ - INFO - Connecting to SMTP server...
2025-12-03 19:00:27,064 - __main__ - INFO - Email sent successfully.
2025-12-03 19:00:27,065 - __main__ - INFO - Final commit for pipeline log...
2025-12-03 19:00:27,065 - __main__ - INFO - Step pipeline_log: Committing and pushing files to GitHub...
2025-12-03 19:00:27,073 - __main__ - INFO - Pulling latest changes from remote repository...
2025-12-03 19:00:27,626 - __main__ - INFO - ✓ Successfully pulled latest changes from remote
2025-12-03 19:00:27,626 - __main__ - INFO - Adding files to git...
2025-12-03 19:00:27,647 - __main__ - INFO - Commit changes for pipeline_log
