2025-12-19 10:29:34,551 - __main__ - INFO - Starting qBittorrent uploader...
2025-12-19 10:29:34,551 - __main__ - INFO - Initializing proxy pool with 3 proxies...
2025-12-19 10:29:34,552 - utils.proxy_ban_manager - INFO - Loaded 1 ban records from logs/proxy_bans.csv
2025-12-19 10:29:34,553 - utils.proxy_pool - WARNING - Proxy 'Miraculous Fortress' is currently banned, skipping
2025-12-19 10:29:34,553 - utils.proxy_pool - INFO - Added proxy 'Singapore-ARM1' to pool (HTTP: http://***:***@140.xxx.xxx.124:12300, HTTPS: http://***:***@140.xxx.xxx.124:12300)
2025-12-19 10:29:34,553 - utils.proxy_pool - INFO - Added proxy 'Singapore-ARM2' to pool (HTTP: http://***:***@129.xxx.xxx.19:12300, HTTPS: http://***:***@129.xxx.xxx.19:12300)
2025-12-19 10:29:34,553 - __main__ - INFO - Proxy pool initialized successfully
2025-12-19 10:29:34,553 - __main__ - INFO - Proxy helper initialized successfully
2025-12-19 10:29:34,553 - __main__ - INFO - PROXY POOL MODE for qBittorrent: 2 proxies with automatic failover
2025-12-19 10:29:34,553 - __main__ - INFO - Using specified input file: Daily Report/Javdb_TodayTitle_20251219.csv
2025-12-19 10:29:34,554 - __main__ - INFO - Found 31 torrent links in Daily Report/Javdb_TodayTitle_20251219.csv
2025-12-19 10:29:34,554 - __main__ - INFO - Skipped 6 already downloaded torrents
2025-12-19 10:29:34,554 - __main__ - INFO - Attempting to login to qBittorrent at http://101.100.165.240:12301
2025-12-19 10:29:35,173 - __main__ - INFO - Successfully logged in to qBittorrent
2025-12-19 10:29:35,174 - __main__ - INFO - History manager imported, will update downloaded status
2025-12-19 10:29:35,174 - __main__ - INFO - Starting to add 31 torrents to qBittorrent...
2025-12-19 10:29:35,174 - __main__ - INFO - [1/31] Adding: NAMH-050 [NoSubtitle]
2025-12-19 10:29:36,409 - __main__ - INFO - [2/31] Adding: START-471 [NoSubtitle]
2025-12-19 10:29:37,643 - __main__ - INFO - [3/31] Adding: START-439 [NoSubtitle]
2025-12-19 10:29:38,876 - __main__ - INFO - [4/31] Adding: AQULA-101 [NoSubtitle]
2025-12-19 10:29:40,109 - __main__ - INFO - [5/31] Adding: MFCW-063 [NoSubtitle]
2025-12-19 10:29:41,343 - __main__ - INFO - [6/31] Adding: ABF-295 [Hacked+Subtitle]
2025-12-19 10:29:42,576 - __main__ - INFO - [7/31] Adding: MIMK-260 [Hacked+Subtitle]
2025-12-19 10:29:43,808 - __main__ - INFO - [8/31] Adding: MFYD-060 [NoSubtitle]
2025-12-19 10:29:45,041 - __main__ - INFO - [9/31] Adding: ABF-295 [Hacked+Subtitle]
2025-12-19 10:29:46,274 - __main__ - INFO - [10/31] Adding: ABF-295 [Subtitle]
2025-12-19 10:29:47,507 - __main__ - INFO - [11/31] Adding: JUR-503 [Subtitle]
2025-12-19 10:29:48,740 - __main__ - INFO - [12/31] Adding: JUR-579 [Subtitle]
2025-12-19 10:29:49,973 - __main__ - INFO - [13/31] Adding: JUR-587 [Subtitle]
2025-12-19 10:29:51,206 - __main__ - INFO - [14/31] Adding: MIFD-696 [Subtitle]
2025-12-19 10:29:52,439 - __main__ - INFO - [15/31] Adding: SSNI-205 [Hacked+Subtitle]
2025-12-19 10:29:53,671 - __main__ - INFO - [16/31] Adding: SSNI-254 [Hacked+Subtitle]
2025-12-19 10:29:54,904 - __main__ - INFO - [17/31] Adding: SSNI-322 [Hacked+Subtitle]
2025-12-19 10:29:56,137 - __main__ - INFO - [18/31] Adding: START-444 [Subtitle]
2025-12-19 10:29:57,369 - __main__ - INFO - [19/31] Adding: START-445 [Subtitle]
2025-12-19 10:29:58,602 - __main__ - INFO - [20/31] Adding: START-453 [Hacked+Subtitle]
2025-12-19 10:29:59,834 - __main__ - INFO - [21/31] Adding: START-453 [Subtitle]
2025-12-19 10:30:01,067 - __main__ - INFO - [22/31] Adding: START-457 [Subtitle]
2025-12-19 10:30:02,299 - __main__ - INFO - [23/31] Adding: SNOS-062 [NoSubtitle]
2025-12-19 10:30:03,532 - __main__ - INFO - [24/31] Adding: HMN-746 [NoSubtitle]
2025-12-19 10:30:04,764 - __main__ - INFO - [25/31] Adding: PRED-825 [Hacked+Subtitle]
2025-12-19 10:30:05,997 - __main__ - INFO - [26/31] Adding: JUR-588 [NoSubtitle]
2025-12-19 10:30:07,229 - __main__ - INFO - [27/31] Adding: JUR-058 [NoSubtitle]
2025-12-19 10:30:08,462 - __main__ - INFO - [28/31] Adding: SNOS-015 [NoSubtitle]
2025-12-19 10:30:09,695 - __main__ - INFO - [29/31] Adding: SDNM-534 [NoSubtitle]
2025-12-19 10:30:10,927 - __main__ - INFO - [30/31] Adding: SIRO-5600 [NoSubtitle]
2025-12-19 10:30:12,160 - __main__ - INFO - [31/31] Adding: NMSL-029 [NoSubtitle]
2025-12-19 10:30:13,392 - __main__ - INFO - ==================================================
2025-12-19 10:30:13,392 - __main__ - INFO - UPLOAD SUMMARY
2025-12-19 10:30:13,392 - __main__ - INFO - ==================================================
2025-12-19 10:30:13,392 - __main__ - INFO - CSV file: Daily Report/Javdb_TodayTitle_20251219.csv
2025-12-19 10:30:13,392 - __main__ - INFO - Total torrents found: 31
2025-12-19 10:30:13,393 - __main__ - INFO - Successfully added: 31
2025-12-19 10:30:13,393 - __main__ - INFO -   - Hacked subtitle torrents: 8
2025-12-19 10:30:13,393 - __main__ - INFO -   - Hacked no subtitle torrents: 0
2025-12-19 10:30:13,393 - __main__ - INFO -   - Subtitle torrents: 9
2025-12-19 10:30:13,393 - __main__ - INFO -   - No subtitle torrents: 14
2025-12-19 10:30:13,393 - __main__ - INFO - Failed to add: 0
2025-12-19 10:30:13,393 - __main__ - INFO - Success rate: 100.0%
2025-12-19 10:30:13,393 - __main__ - INFO - ==================================================
